s2024-11-21T09:00:57.820+05:00  INFO 4384 --- [TSM] [main] sfera.tsm.TsmApplication                 : Starting TsmApplication using Java 21.0.3 with PID 4384 (C:\Users\HP\Desktop\tsm\Task-Management-System\target\classes started by HP in C:\Users\HP\Desktop\tsm\Task-Management-System)
2024-11-21T09:00:57.823+05:00  INFO 4384 --- [TSM] [main] sfera.tsm.TsmApplication                 : No active profile set, falling back to 1 default profile: "default"
2024-11-21T09:00:59.236+05:00  INFO 4384 --- [TSM] [main] .s.d.r.c.RepositoryConfigurationDelegate : Multiple Spring Data modules found, entering strict repository configuration mode
2024-11-21T09:00:59.239+05:00  INFO 4384 --- [TSM] [main] .s.d.r.c.RepositoryConfigurationDelegate : Bootstrapping Spring Data JPA repositories in DEFAULT mode.
2024-11-21T09:00:59.491+05:00  INFO 4384 --- [TSM] [main] .s.d.r.c.RepositoryConfigurationDelegate : Finished Spring Data repository scanning in 230 ms. Found 3 JPA repository interfaces.
2024-11-21T09:00:59.517+05:00  INFO 4384 --- [TSM] [main] .s.d.r.c.RepositoryConfigurationDelegate : Multiple Spring Data modules found, entering strict repository configuration mode
2024-11-21T09:00:59.520+05:00  INFO 4384 --- [TSM] [main] .s.d.r.c.RepositoryConfigurationDelegate : Bootstrapping Spring Data Redis repositories in DEFAULT mode.
2024-11-21T09:00:59.543+05:00  INFO 4384 --- [TSM] [main] .RepositoryConfigurationExtensionSupport : Spring Data Redis - Could not safely identify store assignment for repository candidate interface sfera.tsm.repository.CommentRepository; If you want this repository to be a Redis repository, consider annotating your entities with one of these annotations: org.springframework.data.redis.core.RedisHash (preferred), or consider extending one of the following types with your repository: org.springframework.data.keyvalue.repository.KeyValueRepository
2024-11-21T09:00:59.544+05:00  INFO 4384 --- [TSM] [main] .RepositoryConfigurationExtensionSupport : Spring Data Redis - Could not safely identify store assignment for repository candidate interface sfera.tsm.repository.TaskRepository; If you want this repository to be a Redis repository, consider annotating your entities with one of these annotations: org.springframework.data.redis.core.RedisHash (preferred), or consider extending one of the following types with your repository: org.springframework.data.keyvalue.repository.KeyValueRepository
2024-11-21T09:00:59.545+05:00  INFO 4384 --- [TSM] [main] .RepositoryConfigurationExtensionSupport : Spring Data Redis - Could not safely identify store assignment for repository candidate interface sfera.tsm.repository.UserRepository; If you want this repository to be a Redis repository, consider annotating your entities with one of these annotations: org.springframework.data.redis.core.RedisHash (preferred), or consider extending one of the following types with your repository: org.springframework.data.keyvalue.repository.KeyValueRepository
2024-11-21T09:00:59.545+05:00  INFO 4384 --- [TSM] [main] .s.d.r.c.RepositoryConfigurationDelegate : Finished Spring Data repository scanning in 13 ms. Found 0 Redis repository interfaces.
2024-11-21T09:01:00.511+05:00  INFO 4384 --- [TSM] [main] o.s.b.w.embedded.tomcat.TomcatWebServer  : Tomcat initialized with port 8081 (http)
2024-11-21T09:01:00.536+05:00  INFO 4384 --- [TSM] [main] o.apache.catalina.core.StandardService   : Starting service [Tomcat]
2024-11-21T09:01:00.537+05:00  INFO 4384 --- [TSM] [main] o.apache.catalina.core.StandardEngine    : Starting Servlet engine: [Apache Tomcat/10.1.31]
2024-11-21T09:01:00.632+05:00  INFO 4384 --- [TSM] [main] o.a.c.c.C.[Tomcat].[localhost].[/]       : Initializing Spring embedded WebApplicationContext
2024-11-21T09:01:00.632+05:00  INFO 4384 --- [TSM] [main] w.s.c.ServletWebServerApplicationContext : Root WebApplicationContext: initialization completed in 2743 ms
2024-11-21T09:01:01.223+05:00  INFO 4384 --- [TSM] [main] o.hibernate.jpa.internal.util.LogHelper  : HHH000204: Processing PersistenceUnitInfo [name: default]
2024-11-21T09:01:01.300+05:00  INFO 4384 --- [TSM] [main] org.hibernate.Version                    : HHH000412: Hibernate ORM core version 6.5.3.Final
2024-11-21T09:01:01.360+05:00  INFO 4384 --- [TSM] [main] o.h.c.internal.RegionFactoryInitiator    : HHH000026: Second-level cache disabled
2024-11-21T09:01:01.818+05:00  INFO 4384 --- [TSM] [main] o.s.o.j.p.SpringPersistenceUnitInfo      : No LoadTimeWeaver setup: ignoring JPA class transformer
2024-11-21T09:01:01.874+05:00  INFO 4384 --- [TSM] [main] com.zaxxer.hikari.HikariDataSource       : HikariPool-1 - Starting...
2024-11-21T09:01:02.067+05:00  INFO 4384 --- [TSM] [main] com.zaxxer.hikari.pool.HikariPool        : HikariPool-1 - Added connection org.postgresql.jdbc.PgConnection@4de93edd
2024-11-21T09:01:02.069+05:00  INFO 4384 --- [TSM] [main] com.zaxxer.hikari.HikariDataSource       : HikariPool-1 - Start completed.
2024-11-21T09:01:03.404+05:00  INFO 4384 --- [TSM] [main] o.h.e.t.j.p.i.JtaPlatformInitiator       : HHH000489: No JTA platform available (set 'hibernate.transaction.jta.platform' to enable JTA platform integration)
2024-11-21T09:01:03.541+05:00  INFO 4384 --- [TSM] [main] j.LocalContainerEntityManagerFactoryBean : Initialized JPA EntityManagerFactory for persistence unit 'default'
2024-11-21T09:01:03.888+05:00  INFO 4384 --- [TSM] [main] o.s.d.j.r.query.QueryEnhancerFactory     : Hibernate is in classpath; If applicable, HQL parser will be used.
2024-11-21T09:01:04.586+05:00  INFO 4384 --- [TSM] [main] eAuthenticationProviderManagerConfigurer : Found 2 AuthenticationProvider beans, with names [jwtProvider, authenticationProvider]. Global Authentication Manager will not be configured with AuthenticationProviders. Consider publishing a single AuthenticationProvider bean, or wiring your Providers directly using the DSL.
2024-11-21T09:01:04.587+05:00  INFO 4384 --- [TSM] [main] r$InitializeUserDetailsManagerConfigurer : Global AuthenticationManager configured with UserDetailsService bean with name userDetailsService
2024-11-21T09:01:04.718+05:00  WARN 4384 --- [TSM] [main] JpaBaseConfiguration$JpaWebConfiguration : spring.jpa.open-in-view is enabled by default. Therefore, database queries may be performed during view rendering. Explicitly configure spring.jpa.open-in-view to disable this warning
2024-11-21T09:01:05.840+05:00  INFO 4384 --- [TSM] [main] o.s.b.w.embedded.tomcat.TomcatWebServer  : Tomcat started on port 8081 (http) with context path '/'
2024-11-21T09:01:05.850+05:00  INFO 4384 --- [TSM] [main] sfera.tsm.TsmApplication                 : Started TsmApplication in 8.673 seconds (process running for 9.65)
2024-11-21T09:01:48.361+05:00  INFO 4384 --- [TSM] [http-nio-8081-exec-1] o.a.c.c.C.[Tomcat].[localhost].[/]       : Initializing Spring DispatcherServlet 'dispatcherServlet'
2024-11-21T09:01:48.362+05:00  INFO 4384 --- [TSM] [http-nio-8081-exec-1] o.s.web.servlet.DispatcherServlet        : Initializing Servlet 'dispatcherServlet'
2024-11-21T09:01:48.364+05:00  INFO 4384 --- [TSM] [http-nio-8081-exec-1] o.s.web.servlet.DispatcherServlet        : Completed initialization in 2 ms
2024-11-21T09:01:49.100+05:00  INFO 4384 --- [TSM] [http-nio-8081-exec-1] sfera.tsm.service.TaskService            : Task with id: 15 created
2024-11-21T09:31:00.295+05:00  WARN 4384 --- [TSM] [HikariPool-1 housekeeper] com.zaxxer.hikari.pool.HikariPool        : HikariPool-1 - Thread starvation or clock leap detected (housekeeper delta=10m27s765ms164µs900ns).
2024-11-21T10:03:57.578+05:00  WARN 4384 --- [TSM] [HikariPool-1 housekeeper] com.zaxxer.hikari.pool.HikariPool        : HikariPool-1 - Thread starvation or clock leap detected (housekeeper delta=27m27s180ms360µs500ns).
2024-11-21T10:34:34.151+05:00  WARN 4384 --- [TSM] [HikariPool-1 housekeeper] com.zaxxer.hikari.pool.HikariPool        : HikariPool-1 - Thread starvation or clock leap detected (housekeeper delta=25m36s485ms135µs).
2024-11-21T10:58:48.120+05:00  WARN 4384 --- [TSM] [HikariPool-1 housekeeper] com.zaxxer.hikari.pool.HikariPool        : HikariPool-1 - Thread starvation or clock leap detected (housekeeper delta=3m34s664ms433µs400ns).
2024-11-21T13:00:02.251+05:00  WARN 4384 --- [TSM] [HikariPool-1 housekeeper] com.zaxxer.hikari.pool.HikariPool        : HikariPool-1 - Thread starvation or clock leap detected (housekeeper delta=2h14s120ms715µs700ns).
2024-11-21T13:13:55.017+05:00  WARN 4384 --- [TSM] [HikariPool-1 housekeeper] com.zaxxer.hikari.pool.HikariPool        : HikariPool-1 - Thread starvation or clock leap detected (housekeeper delta=1m52s593ms794µs300ns).
2024-11-21T13:47:20.944+05:00  WARN 4384 --- [TSM] [HikariPool-1 housekeeper] com.zaxxer.hikari.pool.HikariPool        : HikariPool-1 - Thread starvation or clock leap detected (housekeeper delta=1m25s290ms218µs100ns).
2024-11-21T14:51:22.322+05:00  WARN 4384 --- [TSM] [HikariPool-1 housekeeper] com.zaxxer.hikari.pool.HikariPool        : HikariPool-1 - Thread starvation or clock leap detected (housekeeper delta=43m1s20ms794µs200ns).
2024-11-21T15:54:17.170+05:00  WARN 4384 --- [TSM] [HikariPool-1 housekeeper] com.zaxxer.hikari.pool.HikariPool        : HikariPool-1 - Thread starvation or clock leap detected (housekeeper delta=29m24s385ms539µs200ns).
2024-11-21T16:07:12.235+05:00  WARN 4384 --- [TSM] [HikariPool-1 housekeeper] com.zaxxer.hikari.pool.HikariPool        : HikariPool-1 - Thread starvation or clock leap detected (housekeeper delta=3m54s942ms545µs600ns).
2024-11-21T16:22:47.081+05:00  WARN 4384 --- [TSM] [HikariPool-1 housekeeper] com.zaxxer.hikari.pool.HikariPool        : HikariPool-1 - Thread starvation or clock leap detected (housekeeper delta=4m34s637ms601µs600ns).
2024-11-21T16:54:34.250+05:00  INFO 4384 --- [TSM] [SpringApplicationShutdownHook] j.LocalContainerEntityManagerFactoryBean : Closing JPA EntityManagerFactory for persistence unit 'default'
2024-11-21T16:54:34.281+05:00  INFO 4384 --- [TSM] [SpringApplicationShutdownHook] com.zaxxer.hikari.HikariDataSource       : HikariPool-1 - Shutdown initiated...
2024-11-21T16:54:34.297+05:00  INFO 4384 --- [TSM] [SpringApplicationShutdownHook] com.zaxxer.hikari.HikariDataSource       : HikariPool-1 - Shutdown completed.
2024-11-21T16:55:09.460+05:00  INFO 12132 --- [TSM] [main] sfera.tsm.TsmApplication                 : Starting TsmApplication using Java 21.0.3 with PID 12132 (C:\Users\HP\Desktop\tsm\Task-Management-System\target\classes started by HP in C:\Users\HP\Desktop\tsm\Task-Management-System)
2024-11-21T16:55:09.462+05:00  INFO 12132 --- [TSM] [main] sfera.tsm.TsmApplication                 : No active profile set, falling back to 1 default profile: "default"
2024-11-21T16:55:10.574+05:00  INFO 12132 --- [TSM] [main] .s.d.r.c.RepositoryConfigurationDelegate : Multiple Spring Data modules found, entering strict repository configuration mode
2024-11-21T16:55:10.576+05:00  INFO 12132 --- [TSM] [main] .s.d.r.c.RepositoryConfigurationDelegate : Bootstrapping Spring Data JPA repositories in DEFAULT mode.
2024-11-21T16:55:10.772+05:00  INFO 12132 --- [TSM] [main] .s.d.r.c.RepositoryConfigurationDelegate : Finished Spring Data repository scanning in 188 ms. Found 3 JPA repository interfaces.
2024-11-21T16:55:10.794+05:00  INFO 12132 --- [TSM] [main] .s.d.r.c.RepositoryConfigurationDelegate : Multiple Spring Data modules found, entering strict repository configuration mode
2024-11-21T16:55:10.796+05:00  INFO 12132 --- [TSM] [main] .s.d.r.c.RepositoryConfigurationDelegate : Bootstrapping Spring Data Redis repositories in DEFAULT mode.
2024-11-21T16:55:10.815+05:00  INFO 12132 --- [TSM] [main] .RepositoryConfigurationExtensionSupport : Spring Data Redis - Could not safely identify store assignment for repository candidate interface sfera.tsm.repository.CommentRepository; If you want this repository to be a Redis repository, consider annotating your entities with one of these annotations: org.springframework.data.redis.core.RedisHash (preferred), or consider extending one of the following types with your repository: org.springframework.data.keyvalue.repository.KeyValueRepository
2024-11-21T16:55:10.815+05:00  INFO 12132 --- [TSM] [main] .RepositoryConfigurationExtensionSupport : Spring Data Redis - Could not safely identify store assignment for repository candidate interface sfera.tsm.repository.TaskRepository; If you want this repository to be a Redis repository, consider annotating your entities with one of these annotations: org.springframework.data.redis.core.RedisHash (preferred), or consider extending one of the following types with your repository: org.springframework.data.keyvalue.repository.KeyValueRepository
2024-11-21T16:55:10.816+05:00  INFO 12132 --- [TSM] [main] .RepositoryConfigurationExtensionSupport : Spring Data Redis - Could not safely identify store assignment for repository candidate interface sfera.tsm.repository.UserRepository; If you want this repository to be a Redis repository, consider annotating your entities with one of these annotations: org.springframework.data.redis.core.RedisHash (preferred), or consider extending one of the following types with your repository: org.springframework.data.keyvalue.repository.KeyValueRepository
2024-11-21T16:55:10.817+05:00  INFO 12132 --- [TSM] [main] .s.d.r.c.RepositoryConfigurationDelegate : Finished Spring Data repository scanning in 7 ms. Found 0 Redis repository interfaces.
2024-11-21T16:55:11.556+05:00  INFO 12132 --- [TSM] [main] o.s.b.w.embedded.tomcat.TomcatWebServer  : Tomcat initialized with port 8081 (http)
2024-11-21T16:55:11.581+05:00  INFO 12132 --- [TSM] [main] o.apache.catalina.core.StandardService   : Starting service [Tomcat]
2024-11-21T16:55:11.581+05:00  INFO 12132 --- [TSM] [main] o.apache.catalina.core.StandardEngine    : Starting Servlet engine: [Apache Tomcat/10.1.31]
2024-11-21T16:55:11.658+05:00  INFO 12132 --- [TSM] [main] o.a.c.c.C.[Tomcat].[localhost].[/]       : Initializing Spring embedded WebApplicationContext
2024-11-21T16:55:11.659+05:00  INFO 12132 --- [TSM] [main] w.s.c.ServletWebServerApplicationContext : Root WebApplicationContext: initialization completed in 2133 ms
2024-11-21T16:55:12.144+05:00  INFO 12132 --- [TSM] [main] o.hibernate.jpa.internal.util.LogHelper  : HHH000204: Processing PersistenceUnitInfo [name: default]
2024-11-21T16:55:12.256+05:00  INFO 12132 --- [TSM] [main] org.hibernate.Version                    : HHH000412: Hibernate ORM core version 6.5.3.Final
2024-11-21T16:55:12.304+05:00  INFO 12132 --- [TSM] [main] o.h.c.internal.RegionFactoryInitiator    : HHH000026: Second-level cache disabled
2024-11-21T16:55:12.630+05:00  INFO 12132 --- [TSM] [main] o.s.o.j.p.SpringPersistenceUnitInfo      : No LoadTimeWeaver setup: ignoring JPA class transformer
2024-11-21T16:55:12.669+05:00  INFO 12132 --- [TSM] [main] com.zaxxer.hikari.HikariDataSource       : HikariPool-1 - Starting...
2024-11-21T16:55:12.857+05:00  INFO 12132 --- [TSM] [main] com.zaxxer.hikari.pool.HikariPool        : HikariPool-1 - Added connection org.postgresql.jdbc.PgConnection@35260785
2024-11-21T16:55:12.860+05:00  INFO 12132 --- [TSM] [main] com.zaxxer.hikari.HikariDataSource       : HikariPool-1 - Start completed.
2024-11-21T16:55:14.107+05:00  INFO 12132 --- [TSM] [main] o.h.e.t.j.p.i.JtaPlatformInitiator       : HHH000489: No JTA platform available (set 'hibernate.transaction.jta.platform' to enable JTA platform integration)
2024-11-21T16:55:14.248+05:00  INFO 12132 --- [TSM] [main] j.LocalContainerEntityManagerFactoryBean : Initialized JPA EntityManagerFactory for persistence unit 'default'
2024-11-21T16:55:14.502+05:00  INFO 12132 --- [TSM] [main] o.s.d.j.r.query.QueryEnhancerFactory     : Hibernate is in classpath; If applicable, HQL parser will be used.
2024-11-21T16:55:15.313+05:00  INFO 12132 --- [TSM] [main] eAuthenticationProviderManagerConfigurer : Found 2 AuthenticationProvider beans, with names [jwtProvider, authenticationProvider]. Global Authentication Manager will not be configured with AuthenticationProviders. Consider publishing a single AuthenticationProvider bean, or wiring your Providers directly using the DSL.
2024-11-21T16:55:15.314+05:00  INFO 12132 --- [TSM] [main] r$InitializeUserDetailsManagerConfigurer : Global AuthenticationManager configured with UserDetailsService bean with name userDetailsService
2024-11-21T16:55:15.435+05:00  WARN 12132 --- [TSM] [main] JpaBaseConfiguration$JpaWebConfiguration : spring.jpa.open-in-view is enabled by default. Therefore, database queries may be performed during view rendering. Explicitly configure spring.jpa.open-in-view to disable this warning
2024-11-21T16:55:16.430+05:00  INFO 12132 --- [TSM] [main] o.s.b.w.embedded.tomcat.TomcatWebServer  : Tomcat started on port 8081 (http) with context path '/'
2024-11-21T16:55:16.438+05:00  INFO 12132 --- [TSM] [main] sfera.tsm.TsmApplication                 : Started TsmApplication in 7.516 seconds (process running for 8.214)
2024-11-21T17:14:24.930+05:00  WARN 12132 --- [TSM] [HikariPool-1 housekeeper] com.zaxxer.hikari.pool.HikariPool        : HikariPool-1 - Thread starvation or clock leap detected (housekeeper delta=1m41s694ms715µs800ns).
2024-11-21T17:44:19.117+05:00  WARN 12132 --- [TSM] [HikariPool-1 housekeeper] com.zaxxer.hikari.pool.HikariPool        : HikariPool-1 - Thread starvation or clock leap detected (housekeeper delta=6m53s810ms514µs200ns).
2024-11-21T19:31:27.522+05:00  WARN 12132 --- [TSM] [HikariPool-1 housekeeper] com.zaxxer.hikari.pool.HikariPool        : HikariPool-1 - Thread starvation or clock leap detected (housekeeper delta=15m37s109ms37µs200ns).
2024-11-21T19:39:54.089+05:00  INFO 12132 --- [TSM] [SpringApplicationShutdownHook] j.LocalContainerEntityManagerFactoryBean : Closing JPA EntityManagerFactory for persistence unit 'default'
2024-11-21T19:39:54.124+05:00  INFO 12132 --- [TSM] [SpringApplicationShutdownHook] com.zaxxer.hikari.HikariDataSource       : HikariPool-1 - Shutdown initiated...
2024-11-21T19:39:54.140+05:00  INFO 12132 --- [TSM] [SpringApplicationShutdownHook] com.zaxxer.hikari.HikariDataSource       : HikariPool-1 - Shutdown completed.
